<?xml version="1.0" encoding="UTF-8"?>
<Site BuildName="(empty)"
	BuildStamp="20240926-1458-Experimental"
	Name="vishesh-Victus-by-HP-Gaming-Laptop-15-fa0xxx"
	Generator="ctest-3.22.1"
	CompilerName="/usr/bin/g++"
	CompilerVersion="11.4.0"
	OSName="Linux"
	Hostname="vishesh-Victus-by-HP-Gaming-Laptop-15-fa0xxx"
	OSRelease="6.8.0-40-generic"
	OSVersion="#40~22.04.3-Ubuntu SMP PREEMPT_DYNAMIC Tue Jul 30 17:30:19 UTC 2"
	OSPlatform="x86_64"
	Is64Bits="1"
	VendorString="GenuineIntel"
	VendorID="Intel Corporation"
	FamilyID="6"
	ModelID="154"
	ProcessorCacheSize="24576"
	NumberOfLogicalCPU="16"
	NumberOfPhysicalCPU="10"
	TotalVirtualMemory="2048"
	TotalPhysicalMemory="15654"
	LogicalProcessorsPerPhysical="1"
	ProcessorClockFrequency="3483.8"
	>
	<Testing>
		<StartDateTime>Sep 26 23:34 IST</StartDateTime>
		<StartTestTime>1727373843</StartTestTime>
		<TestList/>
		<EndDateTime>Sep 26 23:34 IST</EndDateTime>
		<EndTestTime>1727373843</EndTestTime>
		<ElapsedMinutes>0</ElapsedMinutes>
	</Testing>
</Site>
